[INFO ] 2025-09-09 08:09:58.396 [main] StepDef - Set up 1 executed........
[INFO ] 2025-09-09 08:09:58.478 [main] StepDef - Chrome Browser Launched........
[INFO ] 2025-09-09 08:09:58.885 [main] StepDef - URL opened........
[INFO ] 2025-09-09 08:09:59.869 [main] StepDef - email address and password entered
[FATAL] 2025-09-09 08:10:02.383 [main] StepDef - Clicked on login button>>>>>>
[WARN ] 2025-09-09 08:10:03.411 [main] StepDef - Login feature : Page title matched.
[INFO ] 2025-09-09 08:10:04.331 [main] StepDef - user clicked on Log out link
[WARN ] 2025-09-09 08:10:04.368 [main] StepDef - Login feature : Page title matched.
[INFO ] 2025-09-09 10:14:19.780 [main] StepDef - Set up 1 executed........
[INFO ] 2025-09-09 10:14:19.858 [main] StepDef - Chrome Browser Launched........
[INFO ] 2025-09-09 10:14:20.806 [main] StepDef - URL opened........
[INFO ] 2025-09-09 10:14:22.293 [main] StepDef - email address and password entered
[FATAL] 2025-09-09 10:14:25.942 [main] StepDef - Clicked on login button>>>>>>
[WARN ] 2025-09-09 10:14:26.595 [main] StepDef - Login feature : Page title matched.
[INFO ] 2025-09-09 10:14:27.923 [main] StepDef - user clicked on Log out link
[WARN ] 2025-09-09 10:14:27.958 [main] StepDef - Login feature : Page title matched.
[INFO ] 2025-09-09 10:30:44.051 [main] StepDef - Set up 1 executed........
[INFO ] 2025-09-09 10:30:44.139 [main] StepDef - Chrome Browser Launched........
[INFO ] 2025-09-09 10:30:44.959 [main] StepDef - URL opened........
[INFO ] 2025-09-09 10:30:45.871 [main] StepDef - email address and password entered
[FATAL] 2025-09-09 10:30:50.226 [main] StepDef - Clicked on login button>>>>>>
[WARN ] 2025-09-09 10:30:51.035 [main] StepDef - Login feature : Page title matched.
[INFO ] 2025-09-09 10:30:52.376 [main] StepDef - user clicked on Log out link
[WARN ] 2025-09-09 10:30:52.439 [main] StepDef - Login feature : Page title matched.
[INFO ] 2025-09-09 10:31:37.630 [main] StepDef - Set up 1 executed........
[INFO ] 2025-09-09 10:31:37.697 [main] StepDef - Chrome Browser Launched........
[INFO ] 2025-09-09 10:31:38.279 [main] StepDef - URL opened........
[INFO ] 2025-09-09 10:31:39.056 [main] StepDef - email address and password entered
[FATAL] 2025-09-09 10:31:42.615 [main] StepDef - Clicked on login button>>>>>>
[WARN ] 2025-09-09 10:31:43.226 [main] StepDef - Login feature : Page title matched.
[INFO ] 2025-09-09 10:31:44.180 [main] StepDef - user clicked on Log out link
[WARN ] 2025-09-09 10:31:44.248 [main] StepDef - Login feature : Page title matched.
[INFO ] 2025-09-09 10:33:15.419 [main] StepDef - Set up 1 executed........
[INFO ] 2025-09-09 10:33:15.581 [main] StepDef - Chrome Browser Launched........
[INFO ] 2025-09-09 10:33:16.150 [main] StepDef - URL opened........
[INFO ] 2025-09-09 10:33:17.202 [main] StepDef - email address and password entered
[FATAL] 2025-09-09 10:33:22.658 [main] StepDef - Clicked on login button>>>>>>
[WARN ] 2025-09-09 10:33:23.312 [main] StepDef - Login feature : Page title matched.
[INFO ] 2025-09-09 10:33:25.049 [main] StepDef - user clicked on Log out link
[WARN ] 2025-09-09 10:33:25.078 [main] StepDef - Login feature : Page title matched.
[INFO ] 2025-09-09 10:35:09.224 [main] StepDef - Set up 1 executed........
[INFO ] 2025-09-09 10:35:09.312 [main] StepDef - Chrome Browser Launched........
[INFO ] 2025-09-09 10:35:09.903 [main] StepDef - URL opened........
[INFO ] 2025-09-09 10:35:10.749 [main] StepDef - email address and password entered
[FATAL] 2025-09-09 10:35:13.873 [main] StepDef - Clicked on login button>>>>>>
[WARN ] 2025-09-09 10:35:14.797 [main] StepDef - Login feature : Page title matched.
[INFO ] 2025-09-09 10:35:15.854 [main] StepDef - user clicked on Log out link
[WARN ] 2025-09-09 10:35:15.898 [main] StepDef - Login feature : Page title matched.
[INFO ] 2025-09-09 10:35:16.330 [main] StepDef - Chrome Browser Launched........
[INFO ] 2025-09-09 10:35:58.125 [main] StepDef - Set up 1 executed........
[INFO ] 2025-09-09 10:35:58.226 [main] StepDef - Chrome Browser Launched........
[INFO ] 2025-09-09 10:35:58.874 [main] StepDef - URL opened........
[INFO ] 2025-09-09 10:35:59.743 [main] StepDef - email address and password entered
[FATAL] 2025-09-09 10:36:02.927 [main] StepDef - Clicked on login button>>>>>>
[INFO ] 2025-09-09 10:36:03.573 [main] StepDef - User can view dashboard passed
[INFO ] 2025-09-09 10:36:03.763 [main] StepDef - Customer menu clicked
[INFO ] 2025-09-09 10:36:04.867 [main] StepDef - Customer menu item clicked
[INFO ] 2025-09-09 10:36:05.759 [main] StepDef - Add New button clicked
[INFO ] 2025-09-09 10:36:07.151 [main] StepDef - Customer info entered....
[INFO ] 2025-09-09 10:36:08.541 [main] StepDef - Browser closed
[INFO ] 2025-09-09 10:36:08.718 [main] StepDef - Chrome Browser Launched........
[INFO ] 2025-09-09 10:36:08.780 [main] StepDef - Chrome Browser Launched........
[INFO ] 2025-09-09 10:36:10.073 [main] StepDef - Set up 1 executed........
[INFO ] 2025-09-09 10:36:10.077 [main] StepDef - Chrome Browser Launched........
[INFO ] 2025-09-09 10:36:10.596 [main] StepDef - URL opened........
[INFO ] 2025-09-09 10:36:11.490 [main] StepDef - email address and password entered
[FATAL] 2025-09-09 10:36:14.888 [main] StepDef - Clicked on login button>>>>>>
[WARN ] 2025-09-09 10:36:15.630 [main] StepDef - Login feature : Page title matched.
[INFO ] 2025-09-09 10:36:16.805 [main] StepDef - user clicked on Log out link
[WARN ] 2025-09-09 10:36:16.824 [main] StepDef - Login feature : Page title matched.
[INFO ] 2025-09-09 10:36:17.224 [main] StepDef - Chrome Browser Launched........
[INFO ] 2025-09-09 10:52:28.585 [main] StepDef - Set up 1 executed........
[INFO ] 2025-09-09 10:52:28.673 [main] StepDef - Chrome Browser Launched........
[INFO ] 2025-09-09 10:52:30.221 [main] StepDef - URL opened........
[INFO ] 2025-09-09 10:52:31.110 [main] StepDef - email address and password entered
[FATAL] 2025-09-09 10:52:34.868 [main] StepDef - Clicked on login button>>>>>>
[INFO ] 2025-09-09 10:52:35.135 [main] StepDef - User can view dashboard passed
[INFO ] 2025-09-09 10:52:35.326 [main] StepDef - Customer menu clicked
[INFO ] 2025-09-09 10:52:36.173 [main] StepDef - Customer menu item clicked
[INFO ] 2025-09-09 10:52:37.208 [main] StepDef - Add New button clicked
[INFO ] 2025-09-09 10:52:40.156 [main] StepDef - Customer info entered....
[INFO ] 2025-09-09 10:52:41.750 [main] StepDef - Browser closed
[INFO ] 2025-09-09 10:52:41.781 [main] StepDef - Chrome Browser Launched........
[INFO ] 2025-09-09 10:52:41.991 [main] StepDef - Chrome Browser Launched........
[INFO ] 2025-09-09 10:55:45.006 [main] StepDef - Set up 1 executed........
[INFO ] 2025-09-09 10:55:45.161 [main] StepDef - Chrome Browser Launched........
[INFO ] 2025-09-09 10:55:45.812 [main] StepDef - URL opened........
[INFO ] 2025-09-09 10:55:46.628 [main] StepDef - email address and password entered
[FATAL] 2025-09-09 10:55:49.793 [main] StepDef - Clicked on login button>>>>>>
[INFO ] 2025-09-09 10:55:50.679 [main] StepDef - User can view dashboard passed
[INFO ] 2025-09-09 10:55:51.011 [main] StepDef - Customer menu clicked
[INFO ] 2025-09-09 10:55:51.788 [main] StepDef - Customer menu item clicked
[INFO ] 2025-09-09 10:55:52.847 [main] StepDef - Add New button clicked
[INFO ] 2025-09-09 10:55:54.805 [main] StepDef - Customer info entered....
[INFO ] 2025-09-09 10:55:57.414 [main] StepDef - Browser closed
[INFO ] 2025-09-09 10:55:57.468 [main] StepDef - Chrome Browser Launched........
[INFO ] 2025-09-09 10:55:57.634 [main] StepDef - Chrome Browser Launched........
[INFO ] 2025-09-09 10:55:59.008 [main] StepDef - Set up 1 executed........
[INFO ] 2025-09-09 10:55:59.013 [main] StepDef - Chrome Browser Launched........
[INFO ] 2025-09-09 10:55:59.731 [main] StepDef - URL opened........
[INFO ] 2025-09-09 10:56:00.588 [main] StepDef - email address and password entered
[FATAL] 2025-09-09 10:56:04.047 [main] StepDef - Clicked on login button>>>>>>
[WARN ] 2025-09-09 10:56:04.874 [main] StepDef - Login feature : Page title matched.
[INFO ] 2025-09-09 10:56:05.810 [main] StepDef - user clicked on Log out link
[WARN ] 2025-09-09 10:56:05.845 [main] StepDef - Login feature : Page title matched.
[INFO ] 2025-09-09 10:56:05.876 [main] StepDef - Chrome Browser Launched........
[INFO ] 2025-09-09 10:56:06.043 [main] StepDef - URL opened........
[INFO ] 2025-09-09 10:56:06.427 [main] StepDef - email address and password entered
[FATAL] 2025-09-09 10:56:08.793 [main] StepDef - Clicked on login button>>>>>>
[INFO ] 2025-09-09 14:25:39.698 [main] StepDef - Set up 1 executed........
[INFO ] 2025-09-09 14:25:39.784 [main] StepDef - Chrome Browser Launched........
[INFO ] 2025-09-09 14:25:40.420 [main] StepDef - URL opened........
[INFO ] 2025-09-09 14:25:41.692 [main] StepDef - email address and password entered
[FATAL] 2025-09-09 14:25:44.287 [main] StepDef - Clicked on login button>>>>>>
[INFO ] 2025-09-09 14:25:45.868 [main] StepDef - User can view dashboard passed
[INFO ] 2025-09-09 14:25:46.174 [main] StepDef - Customer menu clicked
[INFO ] 2025-09-09 14:25:47.284 [main] StepDef - Customer menu item clicked
[INFO ] 2025-09-09 14:25:48.062 [main] StepDef - Add New button clicked
[INFO ] 2025-09-09 14:25:50.808 [main] StepDef - Customer info entered....
[INFO ] 2025-09-09 14:25:53.015 [main] StepDef - Browser closed
[INFO ] 2025-09-09 14:25:53.212 [main] StepDef - Chrome Browser Launched........
[INFO ] 2025-09-09 14:25:53.257 [main] StepDef - Chrome Browser Launched........
[INFO ] 2025-09-09 14:25:54.744 [main] StepDef - Set up 1 executed........
[INFO ] 2025-09-09 14:25:54.747 [main] StepDef - Chrome Browser Launched........
[INFO ] 2025-09-09 14:25:55.404 [main] StepDef - URL opened........
[INFO ] 2025-09-09 14:25:56.091 [main] StepDef - email address and password entered
[FATAL] 2025-09-09 14:25:59.592 [main] StepDef - Clicked on login button>>>>>>
[WARN ] 2025-09-09 14:26:00.237 [main] StepDef - Login feature : Page title matched.
[INFO ] 2025-09-09 14:26:00.971 [main] StepDef - user clicked on Log out link
[WARN ] 2025-09-09 14:26:01.152 [main] StepDef - Login feature : Page title matched.
[INFO ] 2025-09-09 14:26:01.279 [main] StepDef - Chrome Browser Launched........
[INFO ] 2025-09-09 14:26:01.536 [main] StepDef - URL opened........
[INFO ] 2025-09-09 14:26:02.007 [main] StepDef - email address and password entered
[FATAL] 2025-09-09 14:26:04.359 [main] StepDef - Clicked on login button>>>>>>
[INFO ] 2025-09-09 14:34:35.418 [main] StepDef - Set up 1 executed........
[INFO ] 2025-09-09 14:34:35.557 [main] StepDef - Chrome Browser Launched........
[INFO ] 2025-09-09 14:34:36.189 [main] StepDef - URL opened........
[INFO ] 2025-09-09 14:34:37.032 [main] StepDef - email address and password entered
[FATAL] 2025-09-09 14:34:40.379 [main] StepDef - Clicked on login button>>>>>>
[INFO ] 2025-09-09 14:34:40.462 [main] StepDef - User can view dashboard passed
[INFO ] 2025-09-09 14:34:41.679 [main] StepDef - Customer menu clicked
[INFO ] 2025-09-09 14:34:42.471 [main] StepDef - Customer menu item clicked
[INFO ] 2025-09-09 14:34:43.798 [main] StepDef - Add New button clicked
[INFO ] 2025-09-09 14:34:45.515 [main] StepDef - Customer info entered....
[INFO ] 2025-09-09 14:34:47.782 [main] StepDef - Browser closed
[INFO ] 2025-09-09 14:34:47.837 [main] StepDef - Chrome Browser Launched........
[INFO ] 2025-09-09 14:34:48.072 [main] StepDef - Chrome Browser Launched........
[INFO ] 2025-09-09 14:34:49.464 [main] StepDef - Set up 1 executed........
[INFO ] 2025-09-09 14:34:49.467 [main] StepDef - Chrome Browser Launched........
[INFO ] 2025-09-09 14:34:50.225 [main] StepDef - URL opened........
[INFO ] 2025-09-09 14:34:51.133 [main] StepDef - email address and password entered
[FATAL] 2025-09-09 14:34:54.572 [main] StepDef - Clicked on login button>>>>>>
[WARN ] 2025-09-09 14:34:55.320 [main] StepDef - Login feature : Page title matched.
[INFO ] 2025-09-09 14:34:56.424 [main] StepDef - user clicked on Log out link
[WARN ] 2025-09-09 14:34:56.447 [main] StepDef - Login feature : Page title matched.
[INFO ] 2025-09-09 14:34:56.487 [main] StepDef - Chrome Browser Launched........
[INFO ] 2025-09-09 14:34:56.752 [main] StepDef - URL opened........
[INFO ] 2025-09-09 14:34:57.140 [main] StepDef - email address and password entered
[FATAL] 2025-09-09 14:34:59.301 [main] StepDef - Clicked on login button>>>>>>
[INFO ] 2025-09-09 14:49:41.932 [main] StepDef - Set up 1 executed........
[INFO ] 2025-09-09 14:49:42.103 [main] StepDef - Chrome Browser Launched........
[INFO ] 2025-09-09 14:49:42.679 [main] StepDef - URL opened........
[INFO ] 2025-09-09 14:49:43.505 [main] StepDef - email address and password entered
[FATAL] 2025-09-09 14:49:46.729 [main] StepDef - Clicked on login button>>>>>>
[INFO ] 2025-09-09 14:49:47.170 [main] StepDef - User can view dashboard passed
[INFO ] 2025-09-09 14:49:47.343 [main] StepDef - Customer menu clicked
[INFO ] 2025-09-09 14:49:48.209 [main] StepDef - Customer menu item clicked
[INFO ] 2025-09-09 14:49:48.952 [main] StepDef - Add New button clicked
[INFO ] 2025-09-09 14:49:50.488 [main] StepDef - Customer info entered....
[INFO ] 2025-09-09 14:49:52.092 [main] StepDef - Browser closed
[INFO ] 2025-09-09 14:49:52.190 [main] StepDef - Chrome Browser Launched........
[INFO ] 2025-09-09 14:49:52.517 [main] StepDef - Chrome Browser Launched........
[INFO ] 2025-09-09 14:49:53.719 [main] StepDef - Set up 1 executed........
[INFO ] 2025-09-09 14:49:53.722 [main] StepDef - Chrome Browser Launched........
[INFO ] 2025-09-09 14:49:54.317 [main] StepDef - URL opened........
[INFO ] 2025-09-09 14:49:55.180 [main] StepDef - email address and password entered
[FATAL] 2025-09-09 14:49:57.348 [main] StepDef - Clicked on login button>>>>>>
[WARN ] 2025-09-09 14:49:59.384 [main] StepDef - Login feature : Page title matched.
[INFO ] 2025-09-09 14:50:00.308 [main] StepDef - user clicked on Log out link
[WARN ] 2025-09-09 14:50:00.360 [main] StepDef - Login feature : Page title matched.
[INFO ] 2025-09-09 14:50:00.412 [main] StepDef - Chrome Browser Launched........
[INFO ] 2025-09-09 14:50:00.660 [main] StepDef - URL opened........
[INFO ] 2025-09-09 14:50:01.087 [main] StepDef - email address and password entered
[FATAL] 2025-09-09 14:50:03.376 [main] StepDef - Clicked on login button>>>>>>
[INFO ] 2025-09-09 14:55:18.373 [main] StepDef - Set up 1 executed........
[INFO ] 2025-09-09 14:55:18.556 [main] StepDef - Chrome Browser Launched........
[INFO ] 2025-09-09 14:55:19.461 [main] StepDef - URL opened........
[INFO ] 2025-09-09 14:55:20.262 [main] StepDef - email address and password entered
[FATAL] 2025-09-09 14:55:22.962 [main] StepDef - Clicked on login button>>>>>>
[INFO ] 2025-09-09 14:55:24.219 [main] StepDef - User can view dashboard passed
[INFO ] 2025-09-09 14:55:24.499 [main] StepDef - Customer menu clicked
[INFO ] 2025-09-09 14:55:25.196 [main] StepDef - Customer menu item clicked
[INFO ] 2025-09-09 14:55:25.908 [main] StepDef - Add New button clicked
[INFO ] 2025-09-09 14:55:27.522 [main] StepDef - Customer info entered....
[INFO ] 2025-09-09 14:55:28.755 [main] StepDef - Browser closed
[INFO ] 2025-09-09 14:55:28.809 [main] StepDef - Chrome Browser Launched........
[INFO ] 2025-09-09 14:55:28.998 [main] StepDef - Chrome Browser Launched........
[INFO ] 2025-09-09 14:55:30.849 [main] StepDef - Set up 1 executed........
[INFO ] 2025-09-09 14:55:30.851 [main] StepDef - Chrome Browser Launched........
[INFO ] 2025-09-09 14:55:31.362 [main] StepDef - URL opened........
[INFO ] 2025-09-09 14:55:32.218 [main] StepDef - email address and password entered
[FATAL] 2025-09-09 14:55:35.230 [main] StepDef - Clicked on login button>>>>>>
[WARN ] 2025-09-09 14:55:35.948 [main] StepDef - Login feature : Page title matched.
[INFO ] 2025-09-09 14:55:36.593 [main] StepDef - user clicked on Log out link
[WARN ] 2025-09-09 14:55:36.681 [main] StepDef - Login feature : Page title matched.
[INFO ] 2025-09-09 14:55:36.730 [main] StepDef - Chrome Browser Launched........
[INFO ] 2025-09-09 14:55:36.896 [main] StepDef - URL opened........
[INFO ] 2025-09-09 14:55:37.277 [main] StepDef - email address and password entered
[FATAL] 2025-09-09 14:55:39.547 [main] StepDef - Clicked on login button>>>>>>
[INFO ] 2025-09-09 15:05:05.993 [main] StepDef - Set up 1 executed........
[INFO ] 2025-09-09 15:05:06.129 [main] StepDef - Chrome Browser Launched........
[INFO ] 2025-09-09 15:05:06.748 [main] StepDef - URL opened........
[INFO ] 2025-09-09 15:05:07.599 [main] StepDef - email address and password entered
[FATAL] 2025-09-09 15:05:10.232 [main] StepDef - Clicked on login button>>>>>>
[INFO ] 2025-09-09 15:05:10.923 [main] StepDef - User can view dashboard passed
[INFO ] 2025-09-09 15:05:11.696 [main] StepDef - Customer menu clicked
[INFO ] 2025-09-09 15:05:12.500 [main] StepDef - Customer menu item clicked
[INFO ] 2025-09-09 15:05:13.582 [main] StepDef - Add New button clicked
[INFO ] 2025-09-09 15:05:15.260 [main] StepDef - Customer info entered....
[INFO ] 2025-09-09 15:05:16.691 [main] StepDef - Browser closed
[INFO ] 2025-09-09 15:05:16.739 [main] StepDef - Chrome Browser Launched........
[INFO ] 2025-09-09 15:05:16.932 [main] StepDef - Chrome Browser Launched........
[INFO ] 2025-09-09 15:05:18.347 [main] StepDef - Set up 1 executed........
[INFO ] 2025-09-09 15:05:18.349 [main] StepDef - Chrome Browser Launched........
[INFO ] 2025-09-09 15:05:19.181 [main] StepDef - URL opened........
[INFO ] 2025-09-09 15:05:19.916 [main] StepDef - email address and password entered
[FATAL] 2025-09-09 15:05:22.528 [main] StepDef - Clicked on login button>>>>>>
[WARN ] 2025-09-09 15:05:23.625 [main] StepDef - Login feature : Page title matched.
[INFO ] 2025-09-09 15:05:24.320 [main] StepDef - user clicked on Log out link
[WARN ] 2025-09-09 15:05:24.347 [main] StepDef - Login feature : Page title matched.
[INFO ] 2025-09-09 15:05:24.387 [main] StepDef - Chrome Browser Launched........
[INFO ] 2025-09-09 15:05:24.564 [main] StepDef - URL opened........
[INFO ] 2025-09-09 15:05:24.931 [main] StepDef - email address and password entered
[FATAL] 2025-09-09 15:05:27.147 [main] StepDef - Clicked on login button>>>>>>
[INFO ] 2025-09-09 15:07:44.004 [main] StepDef - Set up 1 executed........
[INFO ] 2025-09-09 15:07:44.086 [main] StepDef - Chrome Browser Launched........
[INFO ] 2025-09-09 15:07:45.057 [main] StepDef - URL opened........
[INFO ] 2025-09-09 15:07:45.937 [main] StepDef - email address and password entered
[FATAL] 2025-09-09 15:07:48.088 [main] StepDef - Clicked on login button>>>>>>
[INFO ] 2025-09-09 15:07:49.335 [main] StepDef - User can view dashboard passed
[INFO ] 2025-09-09 15:07:49.588 [main] StepDef - Customer menu clicked
[INFO ] 2025-09-09 15:07:50.414 [main] StepDef - Customer menu item clicked
[INFO ] 2025-09-09 15:07:51.339 [main] StepDef - Add New button clicked
[INFO ] 2025-09-09 15:07:52.774 [main] StepDef - Customer info entered....
[INFO ] 2025-09-09 15:07:54.059 [main] StepDef - Browser closed
[INFO ] 2025-09-09 15:07:54.111 [main] StepDef - Chrome Browser Launched........
[INFO ] 2025-09-09 15:07:54.253 [main] StepDef - Chrome Browser Launched........
[INFO ] 2025-09-09 15:07:55.741 [main] StepDef - Set up 1 executed........
[INFO ] 2025-09-09 15:07:55.744 [main] StepDef - Chrome Browser Launched........
[INFO ] 2025-09-09 15:07:56.338 [main] StepDef - URL opened........
[INFO ] 2025-09-09 15:07:57.150 [main] StepDef - email address and password entered
[FATAL] 2025-09-09 15:08:00.161 [main] StepDef - Clicked on login button>>>>>>
[WARN ] 2025-09-09 15:08:00.518 [main] StepDef - Login feature : Page title matched.
[INFO ] 2025-09-09 15:08:01.219 [main] StepDef - user clicked on Log out link
[WARN ] 2025-09-09 15:08:01.253 [main] StepDef - Login feature : Page title matched.
[INFO ] 2025-09-09 15:08:01.289 [main] StepDef - Chrome Browser Launched........
[INFO ] 2025-09-09 15:08:01.479 [main] StepDef - URL opened........
[INFO ] 2025-09-09 15:08:01.839 [main] StepDef - email address and password entered
[FATAL] 2025-09-09 15:08:04.117 [main] StepDef - Clicked on login button>>>>>>
